<?xml version="1.0" encoding="UTF-8"?>
<testng-results skipped="0" failed="0" ignored="0" total="1" passed="1">
  <reporter-output>
  </reporter-output>
  <suite name="Default suite" duration-ms="34416" started-at="2019-12-19T03:35:30Z" finished-at="2019-12-19T03:36:05Z">
    <groups>
    </groups>
    <test name="Default test" duration-ms="34416" started-at="2019-12-19T03:35:30Z" finished-at="2019-12-19T03:36:05Z">
      <class name="testcases.bookflight.BookFlightTicket">
        <test-method status="PASS" signature="launchTheApplication()[pri:0, instance:testcases.bookflight.BookFlightTicket@8080bb]" name="launchTheApplication" is-config="true" duration-ms="31509" started-at="2019-12-19T03:35:30Z" finished-at="2019-12-19T03:36:02Z">
          <reporter-output>
          </reporter-output>
        </test-method> <!-- launchTheApplication -->
        <test-method status="PASS" signature="bookFlightBetweenMadrasToCoimbatore()[pri:0, instance:testcases.bookflight.BookFlightTicket@8080bb]" name="bookFlightBetweenMadrasToCoimbatore" duration-ms="2544" started-at="2019-12-19T03:36:02Z" finished-at="2019-12-19T03:36:04Z">
          <reporter-output>
          </reporter-output>
        </test-method> <!-- bookFlightBetweenMadrasToCoimbatore -->
        <test-method status="PASS" signature="closeBrowser()[pri:0, instance:testcases.bookflight.BookFlightTicket@8080bb]" name="closeBrowser" is-config="true" duration-ms="336" started-at="2019-12-19T03:36:04Z" finished-at="2019-12-19T03:36:05Z">
          <reporter-output>
          </reporter-output>
        </test-method> <!-- closeBrowser -->
      </class> <!-- testcases.bookflight.BookFlightTicket -->
    </test> <!-- Default test -->
  </suite> <!-- Default suite -->
</testng-results>
